<?xml version="1.0" encoding="UTF-8"?>
<!-- Generated by org.testng.reporters.JUnitReportReporter -->
<testsuite skipped="0" hostname="MCBHARATH-PC" name="org.test.selenium.BasicElementsTest" tests="1" failures="0" timestamp="04 Oct 2018 10:51:59 GMT" time="0.039" errors="0">
  <testcase name="testPageOpen" time="0.039" classname="org.test.selenium.BasicElementsTest"/>
</testsuite> <!-- org.test.selenium.BasicElementsTest -->
