<?xml version="1.0" encoding="UTF-8"?>
<!-- Generated by org.testng.reporters.JUnitReportReporter -->
<testsuite skipped="3" hostname="MCBHARATH-PC" name="org.test.selenium.WebElements" tests="4" failures="0" timestamp="05 Oct 2018 04:59:53 GMT" time="6.417" errors="0">
  <testcase name="testHandlingWindowsAndPopUps" time="6.417" classname="org.test.selenium.WebElements"/>
  <testcase name="testDropDown" classname="org.test.selenium.WebElements">
    <skipped/>
  </testcase> <!-- testDropDown -->
  <testcase name="testGetAllLinks" classname="org.test.selenium.WebElements">
    <skipped/>
  </testcase> <!-- testGetAllLinks -->
  <testcase name="testRadioButtons" classname="org.test.selenium.WebElements">
    <skipped/>
  </testcase> <!-- testRadioButtons -->
</testsuite> <!-- org.test.selenium.WebElements -->
