<?xml version="1.0" encoding="UTF-8"?>
<!-- Generated by org.testng.reporters.JUnitReportReporter -->
<testsuite skipped="1" hostname="MCBHARATH-PC" name="org.test.selenium.DropDown" tests="2" failures="0" timestamp="04 Oct 2018 15:37:40 GMT" time="3.543" errors="0">
  <testcase name="testGetAllLinks" time="3.543" classname="org.test.selenium.DropDown"/>
  <testcase name="testDropDown" classname="org.test.selenium.DropDown">
    <skipped/>
  </testcase> <!-- testDropDown -->
</testsuite> <!-- org.test.selenium.DropDown -->
