<?xml version="1.0" encoding="UTF-8"?>
<!-- Generated by org.testng.reporters.JUnitReportReporter -->
<testsuite skipped="1" hostname="MCBHARATH-PC" name="org.test.selenium.LoginTest" tests="2" failures="0" timestamp="11 Oct 2018 07:11:14 GMT" time="3.134" errors="0">
  <testcase name="testLoginPOM" time="3.134" classname="org.test.selenium.LoginTest"/>
  <testcase name="testLogin" classname="org.test.selenium.LoginTest">
    <skipped/>
  </testcase> <!-- testLogin -->
</testsuite> <!-- org.test.selenium.LoginTest -->
